<?xml version="1.0" encoding="UTF-8"?>
<testng-results ignored="0" total="1" passed="1" failed="0" skipped="0">
  <reporter-output>
  </reporter-output>
  <suite started-at="2024-03-08T10:48:26 IST" name="Default suite" finished-at="2024-03-08T10:48:34 IST" duration-ms="8717">
    <groups>
    </groups>
    <test started-at="2024-03-08T10:48:26 IST" name="Default test" finished-at="2024-03-08T10:48:34 IST" duration-ms="8717">
      <class name="Beauty.LunchSugar_Test">
        <test-method signature="launch()[pri:0, instance:Beauty.LunchSugar_Test@6a6afff2]" started-at="2024-03-08T10:48:26 IST" name="launch" finished-at="2024-03-08T10:48:34 IST" duration-ms="8658" status="PASS">
          <reporter-output>
          </reporter-output>
        </test-method> <!-- launch -->
      </class> <!-- Beauty.LunchSugar_Test -->
    </test> <!-- Default test -->
  </suite> <!-- Default suite -->
</testng-results>
