<?xml version="1.0" encoding="UTF-8"?>
<testng-results ignored="0" total="1" passed="1" failed="0" skipped="0">
  <reporter-output>
  </reporter-output>
  <suite started-at="2024-03-06T11:46:24 IST" name="Default suite" finished-at="2024-03-06T11:46:45 IST" duration-ms="20916">
    <groups>
    </groups>
    <test started-at="2024-03-06T11:46:24 IST" name="Default test" finished-at="2024-03-06T11:46:45 IST" duration-ms="20916">
      <class name="Beauty.LaunchLorel">
        <test-method signature="launch()[pri:0, instance:Beauty.LaunchLorel@6a6afff2]" started-at="2024-03-06T11:46:24 IST" name="launch" finished-at="2024-03-06T11:46:45 IST" duration-ms="20859" status="PASS">
          <reporter-output>
          </reporter-output>
        </test-method> <!-- launch -->
      </class> <!-- Beauty.LaunchLorel -->
    </test> <!-- Default test -->
  </suite> <!-- Default suite -->
</testng-results>
