<?xml version="1.0" encoding="UTF-8"?>
<!-- Generated by org.testng.reporters.JUnitXMLReporter -->
<testsuite ignored="0" hostname="DESKTOP-NHC1RFQ" failures="0" tests="3" name="Test" time="87.319" errors="0" timestamp="2024-03-07T12:20:18 IST">
  <testcase classname="Beauty.Launchpurplle_Test" name="purplle" time="36.312"/>
  <testcase classname="Beauty.LunchSugar_Test" name="launch" time="41.802"/>
  <testcase classname="Beauty.LaunchLorel_Test" name="launch" time="9.137"/>
</testsuite> <!-- Test -->
